<?xml version="1.0" encoding="UTF-8"?>
<testng-results ignored="0" total="1" passed="1" failed="0" skipped="0">
  <reporter-output>
    <line>
      <![CDATA[Please Enter the Budget amount for the week: ]]>
    </line>
    <line>
      <![CDATA[The possible Subscriptions are: {BM,TOI}, {BM,Hindu}, {HT,Hindu}, {BM,HT}]]>
    </line>
  </reporter-output>
  <suite started-at="2022-12-19T16:06:21 IST" name="Default suite" finished-at="2022-12-19T16:06:24 IST" duration-ms="3309">
    <groups>
    </groups>
    <test started-at="2022-12-19T16:06:21 IST" name="Default test" finished-at="2022-12-19T16:06:24 IST" duration-ms="3309">
      <class name="com.newspaper.testscript.NewsPaperSubscription">
        <test-method signature="test()[pri:0, instance:com.newspaper.testscript.NewsPaperSubscription@34f5090e]" started-at="2022-12-19T16:06:21 IST" name="test" finished-at="2022-12-19T16:06:24 IST" duration-ms="3278" status="PASS">
          <reporter-output>
            <line>
              <![CDATA[Please Enter the Budget amount for the week: ]]>
            </line>
            <line>
              <![CDATA[The possible Subscriptions are: {BM,TOI}, {BM,Hindu}, {HT,Hindu}, {BM,HT}]]>
            </line>
          </reporter-output>
        </test-method> <!-- test -->
      </class> <!-- com.newspaper.testscript.NewsPaperSubscription -->
    </test> <!-- Default test -->
  </suite> <!-- Default suite -->
</testng-results>
